[33mâ¯[39m Building...
[32mâœ”[39m Building...
[1mInitial chunk files[22m  [2m | [22m[1mNames[22m        [2m | [22m [1mRaw size[22m[2m | [22m[1mEstimated transfer size[22m
[32mmain-BQSDNH2N.js[39m     [2m | [22m[2mmain[22m         [2m | [22m  [36m1.79 MB[39m[2m | [22m              [36m334.73 kB[39m
[32mchunk-OTHXOIDP.js[39m    [2m | [22m[2m-[22m            [2m | [22m[36m195.23 kB[39m[2m | [22m               [36m55.55 kB[39m
[32mstyles-3D4ZB4MY.css[39m  [2m | [22m[2mstyles[22m       [2m | [22m [36m93.94 kB[39m[2m | [22m                [36m8.92 kB[39m
[32mpolyfills-FFHMD2TL.js[39m[2m | [22m[2mpolyfills[22m    [2m | [22m [36m34.52 kB[39m[2m | [22m               [36m11.28 kB[39m

[1m [22m                    [2m | [22m[1mInitial total[22m[2m | [22m  [1m[93m2.12 MB[39m[22m[2m | [22m              [1m410.48 kB[22m

[1mLazy chunk files[22m     [2m | [22m[1mNames[22m        [2m | [22m [1mRaw size[22m[2m | [22m[1mEstimated transfer size[22m
[32mchunk-FYSW2VMX.js[39m    [2m | [22m[2mbrowser[22m      [2m | [22m [36m63.57 kB[39m[2m | [22m               [36m16.84 kB[39m

Application bundle generation complete. [12.234 seconds]

â–² [WARNING] bundle initial exceeded maximum budget. Budget 512.00 kB was not met by 1.60 MB with a total of 2.12 MB.


â–² [WARNING] node_modules/xterm/css/xterm.css exceeded maximum budget. Budget 2.05 kB was not met by 2.42 kB with a total of 4.47 kB.


â–² [WARNING] Module 'lodash' used by 'src/app/components/menu/cloud/cloud.component.ts' is not ESM

  CommonJS or AMD dependencies can cause optimization bailouts.
  For more information see: https://angular.dev/tools/cli/build#configuring-commonjs-dependencies


â–² [WARNING] Module '@xterm/xterm' used by 'src/app/components/terminal/terminal.component.ts' is not ESM

  CommonJS or AMD dependencies can cause optimization bailouts.
  For more information see: https://angular.dev/tools/cli/build#configuring-commonjs-dependencies


â–² [WARNING] Module '@xterm/addon-fit' used by 'src/app/components/terminal/terminal.component.ts' is not ESM

  CommonJS or AMD dependencies can cause optimization bailouts.
  For more information see: https://angular.dev/tools/cli/build#configuring-commonjs-dependencies


â–² [WARNING] Module '@xterm/addon-web-links' used by 'src/app/components/terminal/terminal.component.ts' is not ESM

  CommonJS or AMD dependencies can cause optimization bailouts.
  For more information see: https://angular.dev/tools/cli/build#configuring-commonjs-dependencies


â–² [WARNING] Module 'crypto-js' used by 'src/app/services/master-key.service.ts' is not ESM

  CommonJS or AMD dependencies can cause optimization bailouts.
  For more information see: https://angular.dev/tools/cli/build#configuring-commonjs-dependencies


â–² [WARNING] Module '@novnc/novnc/lib/rfb' used by 'src/app/services/remote-desktop/vnc.service.ts' is not ESM

  CommonJS or AMD dependencies can cause optimization bailouts.
  For more information see: https://angular.dev/tools/cli/build#configuring-commonjs-dependencies


â–² [WARNING] 4 rules skipped due to selector errors:
  0% -> Unmatched selector: %
  5% -> Unmatched selector: %
  0% -> Unmatched selector: %
  5% -> Unmatched selector: %


Output location: C:\Workspace\current\YAET\dist\yet-another-electron-term

